{"level":"info","message":"Fetching weather from weather API"}
{"level":"info","message":"Fetching weather from weather API"}
{"level":"info","message":"Fetching weather from weather API"}
{"level":"info","message":"Fetching weather from weather API"}
{"level":"info","message":"Fetching weather data is success: [object Response]"}
{"level":"info","message":"Fetching weather from weather API"}
{"level":"info","message":{}}
{"level":"info","message":"Fetching weather from weather API"}
{"level":"error","message":"Exception in fetching weather api data : ReferenceError: reposne is not defined"}
{"level":"info","message":"Fetching weather from weather API"}
{"level":"info","message":"Fetching weather from weather API"}
{"level":"info","message":"Fetching weather from weather API"}
{"level":"info","message":"Fetching weather from weather API"}
{"level":"info","message":"Fetching weather from weather API"}
{"level":"info","message":"Fetching weather from weather API"}
{"level":"info","message":"Fetching weather from weather API"}
{"level":"info","message":"Fetching weather from weather API"}
{"level":"info","message":"Fetching weather from weather API"}
{"level":"info","message":"Fetching weather from weather API"}
{"level":"info","message":"Fetching weather from weather API"}
{"level":"info","message":"Fetching weather from weather API"}
{"level":"info","message":"Fetching weather from weather API"}
{"level":"info","message":"Fetching weather from weather API"}
{"level":"info","message":"Fetching weather from weather API"}
{"level":"info","message":"Fetching weather from weather API"}
{"level":"info","message":"Fetching weather from weather API"}
{"level":"info","message":"Fetching weather from weather API"}
{"level":"info","message":"Fetching weather from weather API"}
{"level":"info","message":"Fetching weather from weather API"}
{"level":"info","message":"Fetching weather from weather API"}
{"level":"info","message":"Fetching weather from weather API"}
{"level":"info","message":"Fetching weather from weather API"}
{"level":"info","message":"Fetching weather from weather API"}
{"level":"info","message":"Fetching weather from weather API"}
{"level":"info","message":"Fetching weather from weather API"}
{"level":"info","message":"Fetching weather from weather API"}
{"level":"info","message":"Fetching weather from weather API"}
{"level":"info","message":"Fetching weather from weather API"}
{"level":"info","message":"Fetching weather from weather API"}
{"level":"info","message":"Fetching weather from weather API"}
{"level":"info","message":"Fetching weather from weather API"}
{"level":"info","message":"Fetching weather from weather API"}
{"level":"info","message":"Fetching weather from weather API"}
{"level":"info","message":"Fetching weather from weather API"}
{"level":"info","message":"Fetching weather from weather API"}
{"level":"info","message":"Fetching weather from weather API"}
{"level":"info","message":"Fetching weather from weather API"}
{"level":"info","message":"Fetching weather from weather API"}
{"level":"info","message":"Fetching weather from weather API"}
{"level":"info","message":"Fetching weather from weather API"}
{"level":"info","message":"Fetching weather from weather API"}
{"level":"info","message":"Fetching weather from weather API"}
{"level":"info","message":"Fetching weather from weather API"}
{"level":"info","message":"Fetching weather from weather API"}
{"level":"info","message":"Fetching weather from weather API"}
{"level":"info","message":"Fetching weather from weather API"}
{"level":"info","message":"Fetching weather from weather API"}
{"level":"info","message":"Fetching weather from weather API"}
{"level":"info","message":"Fetching weather from weather API"}
{"level":"info","message":"Fetching weather from weather API"}
{"level":"info","message":"Fetching weather from weather API"}
{"level":"info","message":"Fetching weather from weather API"}
{"level":"info","message":"Fetching weather from weather API"}
{"level":"info","message":"Fetching weather from weather API"}
{"level":"info","message":"Fetching weather from weather API"}
{"level":"info","message":"Fetching weather from weather API"}
{"level":"info","message":"Fetching weather from weather API"}
{"level":"info","message":"Fetching weather from weather API"}
{"level":"info","message":"Fetching weather from weather API"}
{"level":"info","message":"Fetching weather from weather API"}
{"level":"info","message":"Fetching weather from weather API"}
{"level":"info","message":"Fetching weather from weather API"}
{"level":"info","message":"Fetching weather from weather API"}
{"level":"info","message":"Fetching weather from weather API"}
{"level":"info","message":"Fetching weather from weather API"}
{"level":"info","message":"Fetching weather from weather API"}
{"level":"info","message":"Fetching weather from weather API"}
{"level":"info","message":"Fetching weather from weather API"}
{"level":"info","message":"Fetching weather from weather API"}
{"level":"info","message":"Fetching weather from weather API"}
{"level":"info","message":"Fetching weather from weather API"}
{"level":"info","message":"Fetching weather from weather API"}
{"level":"info","message":"Fetching weather from weather API"}
{"level":"info","message":"Fetching weather from weather API"}
{"level":"info","message":"Extracting temperature from weather api"}
{"level":"info","message":"Fetching weather from weather API"}
{"level":"info","message":"Extracting temperature from weather api"}
{"level":"info","message":"Fetching weather from weather API"}
{"level":"info","message":"Extracting temperature from weather api"}
{"level":"info","message":"Fetching weather from weather API"}
{"level":"info","message":"Extracting temperature from weather api"}
{"level":"info","message":"Fetching weather from weather API"}
{"level":"info","message":"Extracting temperature from weather api"}
{"level":"info","message":"Fetching weather from weather API"}
{"level":"info","message":"Extracting temperature from weather api"}
{"level":"info","message":"Fetching weather from weather API"}
{"level":"info","message":"Extracting temperature from weather api"}
{"level":"info","message":"Fetching weather from weather API"}
{"level":"info","message":"Extracting temperature from weather api"}
{"level":"info","message":"Fetching weather from weather API"}
{"level":"info","message":"Extracting temperature from weather api"}
{"level":"info","message":"Fetching weather from weather API"}
{"level":"info","message":"Extracting temperature from weather api"}
{"level":"info","message":"Fetching weather from weather API"}
{"level":"info","message":"Extracting temperature from weather api"}
{"level":"info","message":"Fetching weather from weather API"}
{"level":"info","message":"Extracting temperature from weather api"}
{"level":"info","message":"Fetching weather from weather API"}
{"level":"info","message":"Extracting temperature from weather api"}
{"level":"info","message":"Fetching weather from weather API"}
{"level":"info","message":"Extracting temperature from weather api"}
{"level":"info","message":"Fetching weather from weather API"}
{"level":"info","message":"Extracting temperature from weather api"}
{"level":"info","message":"Fetching weather from weather API"}
{"level":"info","message":"Extracting temperature from weather api"}
{"level":"info","message":"Fetching weather from weather API"}
{"level":"info","message":"Extracting temperature from weather api"}
{"level":"info","message":"Fetching weather from weather API"}
{"level":"info","message":"Extracting temperature from weather api"}
{"level":"info","message":"Fetching weather from weather API"}
{"level":"info","message":"Extracting temperature from weather api"}
{"level":"info","message":"Fetching weather from weather API"}
{"level":"info","message":"Extracting temperature from weather api"}
{"level":"info","message":"Fetching weather from weather API"}
{"level":"info","message":"Fetching weather from weather API"}
{"level":"info","message":"Fetching external api to get real time weather data for Munich between 2023-02-22 and 2023-03-8"}
{"level":"info","message":"Extracting temperature from weather api"}
{"level":"info","message":"Fetching weather from weather API"}
{"level":"info","message":"Fetching external api to get real time weather data for Munich between 2023-02-22 and 2023-03-8"}
{"level":"info","message":"Extracting temperature from received weathe data from visual crossing api"}
